27-jun-2012 13:45:31 es.uc3m.nadir.sr.main.Main prepareLogger
FINA: Logging. Date: 27/5/2012
27-jun-2012 13:45:31 es.uc3m.nadir.sr.main.Main executeWithFile
GRAVE: Exception found in executeWithFile: 1
27-jun-2012 13:46:24 es.uc3m.nadir.sr.main.Main prepareLogger
FINA: Logging. Date: 27/5/2012
27-jun-2012 13:46:24 es.uc3m.nadir.sr.main.Main executeWithFile
GRAVE: Exception found in executeWithFile: C:\20120410_RadSolar (El sistema no puede encontrar el archivo especificado)
27-jun-2012 13:46:37 es.uc3m.nadir.sr.main.Main prepareLogger
FINA: Logging. Date: 27/5/2012
27-jun-2012 13:47:47 es.uc3m.nadir.sr.main.Main prepareLogger
FINA: Logging. Date: 27/5/2012
27-jun-2012 13:48:06 es.uc3m.nadir.sr.main.Main prepareLogger
FINA: Logging. Date: 27/5/2012
27-jun-2012 13:53:50 es.uc3m.nadir.sr.main.Main prepareLogger
FINA: Logging. Date: 27/5/2012
27-jun-2012 17:31:14 es.uc3m.nadir.sr.main.Main prepareLogger
FINA: Logging. Date: 27/5/2012
27-jun-2012 17:33:03 es.uc3m.nadir.sr.main.Main prepareLogger
FINA: Logging. Date: 27/5/2012
27-jun-2012 17:34:36 es.uc3m.nadir.sr.main.Main prepareLogger
FINA: Logging. Date: 27/5/2012
